Looking for git in: git
Using git 1.8.3.1 from git
> git rev-parse --show-toplevel
> git rev-parse --git-dir
Open repository: /var/www/html/requerimiento
> git status -z -u
> git symbolic-ref --short HEAD
> git rev-parse master
> git rev-parse --symbolic-full-name master@{u}
> git rev-list --left-right master...refs/remotes/origin/master
> git for-each-ref --format %(refname) %(objectname) --sort -committerdate
> git remote --verbose
Failed to watch ref '/var/www/html/requerimiento/.git/refs/remotes/origin/master', is most likely packed.
Error: ENOENT: no such file or directory, watch '/var/www/html/requerimiento/.git/refs/remotes/origin/master'
	at FSWatcher.start (internal/fs/watchers.js:165:26)
	at Object.watch (fs.js:1270:11)
	at Object.t.watch (/usr/share/code/resources/app/extensions/git/dist/main.js:1:598241)
	at T.updateTransientWatchers (/usr/share/code/resources/app/extensions/git/dist/main.js:1:83843)
	at e.fire (/usr/share/code/resources/app/out/vs/workbench/services/extensions/node/extensionHostProcess.js:48:517)
	at e.updateModelState (/usr/share/code/resources/app/extensions/git/dist/main.js:1:102713)
> git config --get commit.template
> git check-ignore -v -z --stdin
> git show :routes/web.php
> git ls-files --stage -- /var/www/html/requerimiento/routes/web.php
> git cat-file -s 098867cb715310c78e7da35cb7b8d9295115e64a
> git check-ignore -v -z --stdin
> git status -z -u
> git symbolic-ref --short HEAD
> git rev-parse master
> git rev-parse --symbolic-full-name master@{u}
> git rev-list --left-right master...refs/remotes/origin/master
> git for-each-ref --format %(refname) %(objectname) --sort -committerdate
> git remote --verbose
Failed to watch ref '/var/www/html/requerimiento/.git/refs/remotes/origin/master', is most likely packed.
Error: ENOENT: no such file or directory, watch '/var/www/html/requerimiento/.git/refs/remotes/origin/master'
	at FSWatcher.start (internal/fs/watchers.js:165:26)
	at Object.watch (fs.js:1270:11)
	at Object.t.watch (/usr/share/code/resources/app/extensions/git/dist/main.js:1:598241)
	at T.updateTransientWatchers (/usr/share/code/resources/app/extensions/git/dist/main.js:1:83843)
	at e.fire (/usr/share/code/resources/app/out/vs/workbench/services/extensions/node/extensionHostProcess.js:48:517)
	at e.updateModelState (/usr/share/code/resources/app/extensions/git/dist/main.js:1:102713)
> git config --get commit.template
> git pull --tags origin master
From https://github.com/fifiuro/requerimiento
 * branch            master     -> FETCH_HEAD
> git push origin master:master
> git ls-files --stage -- /var/www/html/requerimiento/routes/web.php
> git cat-file -s 098867cb715310c78e7da35cb7b8d9295115e64a
> git show :routes/web.php
remote: 
remote: GitHub found 1 vulnerability on fifiuro/requerimiento's default branch (1 low). To find out more, visit:[K
remote:      https://github.com/fifiuro/requerimiento/network/alerts[K
remote: 
To https://github.com/fifiuro/requerimiento.git
   adc45bd..bb366b9  master -> master
> git status -z -u
> git symbolic-ref --short HEAD
> git rev-parse master
> git rev-parse --symbolic-full-name master@{u}
> git rev-list --left-right master...refs/remotes/origin/master
> git for-each-ref --format %(refname) %(objectname) --sort -committerdate
> git remote --verbose
> git config --get commit.template
> git ls-files --stage -- /var/www/html/requerimiento/routes/web.php
> git cat-file -s 098867cb715310c78e7da35cb7b8d9295115e64a
> git show :routes/web.php
> git status -z -u
> git symbolic-ref --short HEAD
> git rev-parse master
> git rev-parse --symbolic-full-name master@{u}
> git rev-list --left-right master...refs/remotes/origin/master
> git for-each-ref --format %(refname) %(objectname) --sort -committerdate
> git remote --verbose
> git config --get commit.template
> git fetch
> git status -z -u
> git symbolic-ref --short HEAD
> git rev-parse master
> git rev-parse --symbolic-full-name master@{u}
> git rev-list --left-right master...refs/remotes/origin/master
> git for-each-ref --format %(refname) %(objectname) --sort -committerdate
> git remote --verbose
> git config --get commit.template
> git ls-files --stage -- /var/www/html/requerimiento/routes/web.php
> git cat-file -s 098867cb715310c78e7da35cb7b8d9295115e64a
> git show :routes/web.php
> git status -z -u
> git symbolic-ref --short HEAD
> git rev-parse master
> git rev-parse --symbolic-full-name master@{u}
> git rev-list --left-right master...refs/remotes/origin/master
> git for-each-ref --format %(refname) %(objectname) --sort -committerdate
> git remote --verbose
> git config --get commit.template
> git check-ignore -v -z --stdin
> git push origin master:master
Everything up-to-date
> git status -z -u
> git symbolic-ref --short HEAD
> git rev-parse master
> git rev-parse --symbolic-full-name master@{u}
> git rev-list --left-right master...refs/remotes/origin/master
> git for-each-ref --format %(refname) %(objectname) --sort -committerdate
> git remote --verbose
> git config --get commit.template
> git add -A -- .
